<?xml version="1.0" encoding="UTF-8"?>
<!-- Generated by org.testng.reporters.JUnitXMLReporter -->
<testsuite hostname="pankaj-PC" ignored="0" name="Test" tests="1" failures="0" timestamp="16 May 2018 13:36:07 GMT" time="0.046" errors="0">
  <testcase name="@BeforeSuite setUp" time="0.534" classname="utility.TestBase">
    <failure type="java.lang.IllegalStateException" message="The driver executable does not exist: C:\Users\pankaj\Downloads\chromedriver_.exe">
      <![CDATA[java.lang.IllegalStateException: The driver executable does not exist: C:\Users\pankaj\Downloads\chromedriver_.exe
	at com.google.common.base.Preconditions.checkState(Preconditions.java:518)
	at org.openqa.selenium.remote.service.DriverService.checkExecutable(DriverService.java:136)
	at org.openqa.selenium.remote.service.DriverService.findExecutable(DriverService.java:131)
	at org.openqa.selenium.chrome.ChromeDriverService.access$000(ChromeDriverService.java:32)
	at org.openqa.selenium.chrome.ChromeDriverService$Builder.findDefaultExecutable(ChromeDriverService.java:137)
	at org.openqa.selenium.remote.service.DriverService$Builder.build(DriverService.java:330)
	at org.openqa.selenium.chrome.ChromeDriverService.createDefaultService(ChromeDriverService.java:88)
	at org.openqa.selenium.chrome.ChromeDriver.<init>(ChromeDriver.java:158)
	at utility.TestBase.launchChrome(TestBase.java:107)
	at utility.TestBase.setUp(TestBase.java:76)
... Removed 19 stack frames]]>
    </failure>
  </testcase> <!-- @BeforeSuite setUp -->
  <testcase name="@AfterMethod getResult" time="0.0" classname="utility.TestBase">
    <skipped/>
  </testcase> <!-- @AfterMethod getResult -->
  <testcase name="ClearSubmissionIntEnvPositive" time="0.0" classname="utility.TestCases">
    <skipped/>
  </testcase> <!-- ClearSubmissionIntEnvPositive -->
</testsuite> <!-- Test -->
